<?xml version="1.0" encoding="UTF-8"?>
<testng-results ignored="0" total="2" passed="2" failed="0" skipped="0">
  <reporter-output>
  </reporter-output>
  <suite started-at="2023-04-02T09:10:33 IST" name="Default suite" finished-at="2023-04-02T09:10:33 IST" duration-ms="134">
    <groups>
    </groups>
    <test started-at="2023-04-02T09:10:33 IST" name="Default test" finished-at="2023-04-02T09:10:33 IST" duration-ms="134">
      <class name="com.qa.test.Test1">
        <test-method signature="test1()[pri:0, instance:com.qa.test.Test1@17497425]" started-at="2023-04-02T09:10:33 IST" name="test1" finished-at="2023-04-02T09:10:33 IST" duration-ms="20" status="PASS">
          <reporter-output>
          </reporter-output>
        </test-method> <!-- test1 -->
        <test-method signature="test2()[pri:0, instance:com.qa.test.Test1@17497425]" started-at="2023-04-02T09:10:33 IST" name="test2" finished-at="2023-04-02T09:10:33 IST" duration-ms="2" status="PASS">
          <reporter-output>
          </reporter-output>
        </test-method> <!-- test2 -->
      </class> <!-- com.qa.test.Test1 -->
    </test> <!-- Default test -->
  </suite> <!-- Default suite -->
</testng-results>
